# JRE version: OpenJDK Runtime Environment (8.0_112-b224) (build 1.8.0_112-release-b736)
# Java VM: OpenJDK 64-Bit Server VM (25.112-b736 mixed mode linux-amd64 compressed oops)
Heap:
 PSYoungGen      total 1022464K, used 129698K [0x000000076ab00000, 0x00000007b6000000, 0x00000007c0000000)
  eden space 811008K, 0% used [0x000000076ab00000,0x000000076ab00000,0x000000079c300000)
  from space 211456K, 61% used [0x000000079c300000,0x00000007a41a8978,0x00000007a9180000)
  to   space 197632K, 0% used [0x00000007a9f00000,0x00000007a9f00000,0x00000007b6000000)
 ParOldGen       total 1102336K, used 898107K [0x00000006c0000000, 0x0000000703480000, 0x000000076ab00000)
  object space 1102336K, 81% used [0x00000006c0000000,0x00000006f6d0eec0,0x0000000703480000)
 Metaspace       used 6643K, capacity 7408K, committed 7552K, reserved 1056768K
  class space    used 599K, capacity 616K, committed 640K, reserved 1048576K
GC Heap History (10 events):
Event: 62.818 GC heap after
Heap after GC invocations=26 (full 5):
 PSYoungGen      total 739840K, used 138740K [0x000000076ab00000, 0x00000007ab780000, 0x00000007c0000000)
  eden space 601088K, 0% used [0x000000076ab00000,0x000000076ab00000,0x000000078f600000)
  from space 138752K, 99% used [0x000000078f600000,0x0000000797d7d128,0x0000000797d80000)
  to   space 169472K, 0% used [0x00000007a1200000,0x00000007a1200000,0x00000007ab780000)
 ParOldGen       total 815104K, used 584637K [0x00000006c0000000, 0x00000006f1c00000, 0x000000076ab00000)
  object space 815104K, 71% used [0x00000006c0000000,0x00000006e3aef790,0x00000006f1c00000)
 Metaspace       used 6470K, capacity 7344K, committed 7552K, reserved 1056768K
  class space    used 589K, capacity 616K, committed 640K, reserved 1048576K
}
Event: 64.173 GC heap before
{Heap before GC invocations=27 (full 5):
 PSYoungGen      total 739840K, used 739828K [0x000000076ab00000, 0x00000007ab780000, 0x00000007c0000000)
  eden space 601088K, 100% used [0x000000076ab00000,0x000000078f600000,0x000000078f600000)
  from space 138752K, 99% used [0x000000078f600000,0x0000000797d7d128,0x0000000797d80000)
  to   space 169472K, 0% used [0x00000007a1200000,0x00000007a1200000,0x00000007ab780000)
 ParOldGen       total 815104K, used 584637K [0x00000006c0000000, 0x00000006f1c00000, 0x000000076ab00000)
  object space 815104K, 71% used [0x00000006c0000000,0x00000006e3aef790,0x00000006f1c00000)
 Metaspace       used 6470K, capacity 7344K, committed 7552K, reserved 1056768K
  class space    used 589K, capacity 616K, committed 640K, reserved 1048576K
Event: 69.785 GC heap after
Heap after GC invocations=27 (full 5):
 PSYoungGen      total 830464K, used 169460K [0x000000076ab00000, 0x00000007b4500000, 0x00000007c0000000)
  eden space 660992K, 0% used [0x000000076ab00000,0x000000076ab00000,0x0000000793080000)
  from space 169472K, 99% used [0x00000007a1200000,0x00000007ab77d190,0x00000007ab780000)
  to   space 230912K, 0% used [0x0000000793080000,0x0000000793080000,0x00000007a1200000)
 ParOldGen       total 815104K, used 675539K [0x00000006c0000000, 0x00000006f1c00000, 0x000000076ab00000)
  object space 815104K, 82% used [0x00000006c0000000,0x00000006e93b4d80,0x00000006f1c00000)
 Metaspace       used 6470K, capacity 7344K, committed 7552K, reserved 1056768K
  class space    used 589K, capacity 616K, committed 640K, reserved 1048576K
}
Event: 72.165 GC heap before
{Heap before GC invocations=28 (full 5):
 PSYoungGen      total 830464K, used 830452K [0x000000076ab00000, 0x00000007b4500000, 0x00000007c0000000)
  eden space 660992K, 100% used [0x000000076ab00000,0x0000000793080000,0x0000000793080000)
  from space 169472K, 99% used [0x00000007a1200000,0x00000007ab77d190,0x00000007ab780000)
  to   space 230912K, 0% used [0x0000000793080000,0x0000000793080000,0x00000007a1200000)
 ParOldGen       total 815104K, used 675539K [0x00000006c0000000, 0x00000006f1c00000, 0x000000076ab00000)
  object space 815104K, 82% used [0x00000006c0000000,0x00000006e93b4d80,0x00000006f1c00000)
 Metaspace       used 6499K, capacity 7344K, committed 7552K, reserved 1056768K
  class space    used 591K, capacity 616K, committed 640K, reserved 1048576K
Event: 74.203 GC heap after
Heap after GC invocations=28 (full 5):
 PSYoungGen      total 891904K, used 86504K [0x000000076ab00000, 0x00000007b7280000, 0x00000007c0000000)
  eden space 660992K, 0% used [0x000000076ab00000,0x000000076ab00000,0x0000000793080000)
  from space 230912K, 37% used [0x0000000793080000,0x00000007984fa0c0,0x00000007a1200000)
  to   space 216576K, 0% used [0x00000007a9f00000,0x00000007a9f00000,0x00000007b7280000)
 ParOldGen       total 815104K, used 795960K [0x00000006c0000000, 0x00000006f1c00000, 0x000000076ab00000)
  object space 815104K, 97% used [0x00000006c0000000,0x00000006f094e238,0x00000006f1c00000)
 Metaspace       used 6499K, capacity 7344K, committed 7552K, reserved 1056768K
  class space    used 591K, capacity 616K, committed 640K, reserved 1048576K
}
Event: 74.207 GC heap before
{Heap before GC invocations=29 (full 6):
 PSYoungGen      total 891904K, used 86504K [0x000000076ab00000, 0x00000007b7280000, 0x00000007c0000000)
  eden space 660992K, 0% used [0x000000076ab00000,0x000000076ab00000,0x0000000793080000)
  from space 230912K, 37% used [0x0000000793080000,0x00000007984fa0c0,0x00000007a1200000)
  to   space 216576K, 0% used [0x00000007a9f00000,0x00000007a9f00000,0x00000007b7280000)
 ParOldGen       total 815104K, used 795960K [0x00000006c0000000, 0x00000006f1c00000, 0x000000076ab00000)
  object space 815104K, 97% used [0x00000006c0000000,0x00000006f094e238,0x00000006f1c00000)
 Metaspace       used 6499K, capacity 7344K, committed 7552K, reserved 1056768K
  class space    used 591K, capacity 616K, committed 640K, reserved 1048576K
Event: 77.637 GC heap after
Heap after GC invocations=29 (full 6):
 PSYoungGen      total 891904K, used 0K [0x000000076ab00000, 0x00000007b7280000, 0x00000007c0000000)
  eden space 660992K, 0% used [0x000000076ab00000,0x000000076ab00000,0x0000000793080000)
  from space 230912K, 0% used [0x0000000793080000,0x0000000793080000,0x00000007a1200000)
  to   space 216576K, 0% used [0x00000007a9f00000,0x00000007a9f00000,0x00000007b7280000)
 ParOldGen       total 1102336K, used 795908K [0x00000006c0000000, 0x0000000703480000, 0x000000076ab00000)
  object space 1102336K, 72% used [0x00000006c0000000,0x00000006f0941360,0x0000000703480000)
 Metaspace       used 6499K, capacity 7344K, committed 7552K, reserved 1056768K
  class space    used 591K, capacity 616K, committed 640K, reserved 1048576K
}
Event: 83.128 GC heap before
{Heap before GC invocations=30 (full 6):
 PSYoungGen      total 891904K, used 660992K [0x000000076ab00000, 0x00000007b7280000, 0x00000007c0000000)
  eden space 660992K, 100% used [0x000000076ab00000,0x0000000793080000,0x0000000793080000)
  from space 230912K, 0% used [0x0000000793080000,0x0000000793080000,0x00000007a1200000)
  to   space 216576K, 0% used [0x00000007a9f00000,0x00000007a9f00000,0x00000007b7280000)
 ParOldGen       total 1102336K, used 795908K [0x00000006c0000000, 0x0000000703480000, 0x000000076ab00000)
  object space 1102336K, 72% used [0x00000006c0000000,0x00000006f0941360,0x0000000703480000)
 Metaspace       used 6504K, capacity 7344K, committed 7552K, reserved 1056768K
  class space    used 591K, capacity 616K, committed 640K, reserved 1048576K
Event: 83.396 GC heap after
Heap after GC invocations=30 (full 6):
 PSYoungGen      total 1008640K, used 106449K [0x000000076ab00000, 0x00000007b6000000, 0x00000007c0000000)
  eden space 811008K, 0% used [0x000000076ab00000,0x000000076ab00000,0x000000079c300000)
  from space 197632K, 53% used [0x00000007a9f00000,0x00000007b06f46e8,0x00000007b6000000)
  to   space 211456K, 0% used [0x000000079c300000,0x000000079c300000,0x00000007a9180000)
 ParOldGen       total 1102336K, used 795908K [0x00000006c0000000, 0x0000000703480000, 0x000000076ab00000)
  object space 1102336K, 72% used [0x00000006c0000000,0x00000006f0941360,0x0000000703480000)
 Metaspace       used 6504K, capacity 7344K, committed 7552K, reserved 1056768K
  class space    used 591K, capacity 616K, committed 640K, reserved 1048576K
}
Event: 88.071 GC heap before
{Heap before GC invocations=31 (full 6):
 PSYoungGen      total 1008640K, used 917457K [0x000000076ab00000, 0x00000007b6000000, 0x00000007c0000000)
  eden space 811008K, 100% used [0x000000076ab00000,0x000000079c300000,0x000000079c300000)
  from space 197632K, 53% used [0x00000007a9f00000,0x00000007b06f46e8,0x00000007b6000000)
  to   space 211456K, 0% used [0x000000079c300000,0x000000079c300000,0x00000007a9180000)
 ParOldGen       total 1102336K, used 795908K [0x00000006c0000000, 0x0000000703480000, 0x000000076ab00000)
  object space 1102336K, 72% used [0x00000006c0000000,0x00000006f0941360,0x0000000703480000)
 Metaspace       used 6643K, capacity 7408K, committed 7552K, reserved 1056768K
  class space    used 599K, capacity 616K, committed 640K, reserved 1048576K

