# JRE version: OpenJDK Runtime Environment (8.0_112-b224) (build 1.8.0_112-release-b736)
# Java VM: OpenJDK 64-Bit Server VM (25.112-b736 mixed mode linux-amd64 compressed oops)
Heap:
 PSYoungGen      total 868864K, used 81885K [0x000000076ab00000, 0x00000007aa080000, 0x00000007c0000000)
  eden space 745984K, 0% used [0x000000076ab00000,0x000000076ab00000,0x0000000798380000)
  from space 122880K, 66% used [0x00000007a0600000,0x00000007a55f74f8,0x00000007a7e00000)
  to   space 133632K, 0% used [0x0000000798380000,0x0000000798380000,0x00000007a0600000)
 ParOldGen       total 458752K, used 458631K [0x00000006c0000000, 0x00000006dc000000, 0x000000076ab00000)
  object space 458752K, 99% used [0x00000006c0000000,0x00000006dbfe1f68,0x00000006dc000000)
 Metaspace       used 6463K, capacity 7344K, committed 7552K, reserved 1056768K
  class space    used 588K, capacity 616K, committed 640K, reserved 1048576K
GC Heap History (10 events):
Event: 42.331 GC heap after
Heap after GC invocations=18 (full 3):
 PSYoungGen      total 504832K, used 67058K [0x000000076ab00000, 0x0000000799580000, 0x00000007c0000000)
  eden space 437760K, 0% used [0x000000076ab00000,0x000000076ab00000,0x0000000785680000)
  from space 67072K, 99% used [0x0000000785680000,0x00000007897fca68,0x0000000789800000)
  to   space 83968K, 0% used [0x0000000794380000,0x0000000794380000,0x0000000799580000)
 ParOldGen       total 320512K, used 223169K [0x00000006c0000000, 0x00000006d3900000, 0x000000076ab00000)
  object space 320512K, 69% used [0x00000006c0000000,0x00000006cd9f06c8,0x00000006d3900000)
 Metaspace       used 6426K, capacity 7344K, committed 7552K, reserved 1056768K
  class space    used 586K, capacity 616K, committed 640K, reserved 1048576K
}
Event: 43.831 GC heap before
{Heap before GC invocations=19 (full 3):
 PSYoungGen      total 504832K, used 504818K [0x000000076ab00000, 0x0000000799580000, 0x00000007c0000000)
  eden space 437760K, 100% used [0x000000076ab00000,0x0000000785680000,0x0000000785680000)
  from space 67072K, 99% used [0x0000000785680000,0x00000007897fca68,0x0000000789800000)
  to   space 83968K, 0% used [0x0000000794380000,0x0000000794380000,0x0000000799580000)
 ParOldGen       total 320512K, used 223169K [0x00000006c0000000, 0x00000006d3900000, 0x000000076ab00000)
  object space 320512K, 69% used [0x00000006c0000000,0x00000006cd9f06c8,0x00000006d3900000)
 Metaspace       used 6458K, capacity 7344K, committed 7552K, reserved 1056768K
  class space    used 588K, capacity 616K, committed 640K, reserved 1048576K
Event: 46.489 GC heap after
Heap after GC invocations=19 (full 3):
 PSYoungGen      total 670720K, used 71467K [0x000000076ab00000, 0x000000079c080000, 0x00000007c0000000)
  eden space 586752K, 0% used [0x000000076ab00000,0x000000076ab00000,0x000000078e800000)
  from space 83968K, 85% used [0x0000000794380000,0x000000079894ad50,0x0000000799580000)
  to   space 93696K, 0% used [0x000000078e800000,0x000000078e800000,0x0000000794380000)
 ParOldGen       total 320512K, used 288372K [0x00000006c0000000, 0x00000006d3900000, 0x000000076ab00000)
  object space 320512K, 89% used [0x00000006c0000000,0x00000006d199d158,0x00000006d3900000)
 Metaspace       used 6458K, capacity 7344K, committed 7552K, reserved 1056768K
  class space    used 588K, capacity 616K, committed 640K, reserved 1048576K
}
Event: 46.489 GC heap before
{Heap before GC invocations=20 (full 4):
 PSYoungGen      total 670720K, used 71467K [0x000000076ab00000, 0x000000079c080000, 0x00000007c0000000)
  eden space 586752K, 0% used [0x000000076ab00000,0x000000076ab00000,0x000000078e800000)
  from space 83968K, 85% used [0x0000000794380000,0x000000079894ad50,0x0000000799580000)
  to   space 93696K, 0% used [0x000000078e800000,0x000000078e800000,0x0000000794380000)
 ParOldGen       total 320512K, used 288372K [0x00000006c0000000, 0x00000006d3900000, 0x000000076ab00000)
  object space 320512K, 89% used [0x00000006c0000000,0x00000006d199d158,0x00000006d3900000)
 Metaspace       used 6458K, capacity 7344K, committed 7552K, reserved 1056768K
  class space    used 588K, capacity 616K, committed 640K, reserved 1048576K
Event: 48.673 GC heap after
Heap after GC invocations=20 (full 4):
 PSYoungGen      total 670720K, used 35359K [0x000000076ab00000, 0x000000079c080000, 0x00000007c0000000)
  eden space 586752K, 0% used [0x000000076ab00000,0x000000076ab00000,0x000000078e800000)
  from space 83968K, 42% used [0x0000000794380000,0x0000000796607ed8,0x0000000799580000)
  to   space 93696K, 0% used [0x000000078e800000,0x000000078e800000,0x0000000794380000)
 ParOldGen       total 458752K, used 320056K [0x00000006c0000000, 0x00000006dc000000, 0x000000076ab00000)
  object space 458752K, 69% used [0x00000006c0000000,0x00000006d388e320,0x00000006dc000000)
 Metaspace       used 6458K, capacity 7344K, committed 7552K, reserved 1056768K
  class space    used 588K, capacity 616K, committed 640K, reserved 1048576K
}
Event: 51.006 GC heap before
{Heap before GC invocations=21 (full 4):
 PSYoungGen      total 670720K, used 622111K [0x000000076ab00000, 0x000000079c080000, 0x00000007c0000000)
  eden space 586752K, 100% used [0x000000076ab00000,0x000000078e800000,0x000000078e800000)
  from space 83968K, 42% used [0x0000000794380000,0x0000000796607ed8,0x0000000799580000)
  to   space 93696K, 0% used [0x000000078e800000,0x000000078e800000,0x0000000794380000)
 ParOldGen       total 458752K, used 320056K [0x00000006c0000000, 0x00000006dc000000, 0x000000076ab00000)
  object space 458752K, 69% used [0x00000006c0000000,0x00000006d388e320,0x00000006dc000000)
 Metaspace       used 6460K, capacity 7344K, committed 7552K, reserved 1056768K
  class space    used 588K, capacity 616K, committed 640K, reserved 1048576K
Event: 55.440 GC heap after
Heap after GC invocations=21 (full 4):
 PSYoungGen      total 680448K, used 93682K [0x000000076ab00000, 0x00000007a7e00000, 0x00000007c0000000)
  eden space 586752K, 0% used [0x000000076ab00000,0x000000076ab00000,0x000000078e800000)
  from space 93696K, 99% used [0x000000078e800000,0x000000079437cb58,0x0000000794380000)
  to   space 122880K, 0% used [0x00000007a0600000,0x00000007a0600000,0x00000007a7e00000)
 ParOldGen       total 458752K, used 356249K [0x00000006c0000000, 0x00000006dc000000, 0x000000076ab00000)
  object space 458752K, 77% used [0x00000006c0000000,0x00000006d5be6630,0x00000006dc000000)
 Metaspace       used 6460K, capacity 7344K, committed 7552K, reserved 1056768K
  class space    used 588K, capacity 616K, committed 640K, reserved 1048576K
}
Event: 59.179 GC heap before
{Heap before GC invocations=22 (full 4):
 PSYoungGen      total 680448K, used 680434K [0x000000076ab00000, 0x00000007a7e00000, 0x00000007c0000000)
  eden space 586752K, 100% used [0x000000076ab00000,0x000000078e800000,0x000000078e800000)
  from space 93696K, 99% used [0x000000078e800000,0x000000079437cb58,0x0000000794380000)
  to   space 122880K, 0% used [0x00000007a0600000,0x00000007a0600000,0x00000007a7e00000)
 ParOldGen       total 458752K, used 359086K [0x00000006c0000000, 0x00000006dc000000, 0x000000076ab00000)
  object space 458752K, 78% used [0x00000006c0000000,0x00000006d5eab8c0,0x00000006dc000000)
 Metaspace       used 6463K, capacity 7344K, committed 7552K, reserved 1056768K
  class space    used 588K, capacity 616K, committed 640K, reserved 1048576K
Event: 94.614 GC heap after
Heap after GC invocations=22 (full 4):
 PSYoungGen      total 868864K, used 96284K [0x000000076ab00000, 0x00000007aa080000, 0x00000007c0000000)
  eden space 745984K, 0% used [0x000000076ab00000,0x000000076ab00000,0x0000000798380000)
  from space 122880K, 78% used [0x00000007a0600000,0x00000007a6407190,0x00000007a7e00000)
  to   space 133632K, 0% used [0x0000000798380000,0x0000000798380000,0x00000007a0600000)
 ParOldGen       total 458752K, used 452106K [0x00000006c0000000, 0x00000006dc000000, 0x000000076ab00000)
  object space 458752K, 98% used [0x00000006c0000000,0x00000006db982a40,0x00000006dc000000)
 Metaspace       used 6463K, capacity 7344K, committed 7552K, reserved 1056768K
  class space    used 588K, capacity 616K, committed 640K, reserved 1048576K
}
Event: 94.680 GC heap before
{Heap before GC invocations=23 (full 5):
 PSYoungGen      total 868864K, used 96284K [0x000000076ab00000, 0x00000007aa080000, 0x00000007c0000000)
  eden space 745984K, 0% used [0x000000076ab00000,0x000000076ab00000,0x0000000798380000)
  from space 122880K, 78% used [0x00000007a0600000,0x00000007a6407190,0x00000007a7e00000)
  to   space 133632K, 0% used [0x0000000798380000,0x0000000798380000,0x00000007a0600000)
 ParOldGen       total 458752K, used 452106K [0x00000006c0000000, 0x00000006dc000000, 0x000000076ab00000)
  object space 458752K, 98% used [0x00000006c0000000,0x00000006db982a40,0x00000006dc000000)
 Metaspace       used 6463K, capacity 7344K, committed 7552K, reserved 1056768K
  class space    used 588K, capacity 616K, committed 640K, reserved 1048576K

