# JRE version: OpenJDK Runtime Environment (8.0_112-b224) (build 1.8.0_112-release-b736)
# Java VM: OpenJDK 64-Bit Server VM (25.112-b736 mixed mode linux-amd64 compressed oops)
Heap:
 PSYoungGen      total 1171456K, used 0K [0x000000076ab00000, 0x00000007c0000000, 0x00000007c0000000)
  eden space 1003008K, 0% used [0x000000076ab00000,0x000000076ab00000,0x00000007a7e80000)
  from space 168448K, 0% used [0x00000007b3780000,0x00000007b3780000,0x00000007bdc00000)
  to   space 189440K, 0% used [0x00000007a7e80000,0x00000007a7e80000,0x00000007b3780000)
 ParOldGen       total 959488K, used 831596K [0x00000006c0000000, 0x00000006fa900000, 0x000000076ab00000)
  object space 959488K, 86% used [0x00000006c0000000,0x00000006f2c1b3f0,0x00000006fa900000)
 Metaspace       used 6856K, capacity 7632K, committed 7936K, reserved 1056768K
  class space    used 608K, capacity 648K, committed 768K, reserved 1048576K
GC Heap History (10 events):
Event: 60.631 GC heap after
Heap after GC invocations=26 (full 5):
 PSYoungGen      total 858624K, used 67666K [0x000000076ab00000, 0x00000007b2280000, 0x00000007c0000000)
  eden space 685568K, 0% used [0x000000076ab00000,0x000000076ab00000,0x0000000794880000)
  from space 173056K, 39% used [0x0000000794880000,0x0000000798a94858,0x000000079f180000)
  to   space 162816K, 0% used [0x00000007a8380000,0x00000007a8380000,0x00000007b2280000)
 ParOldGen       total 763392K, used 682760K [0x00000006c0000000, 0x00000006ee980000, 0x000000076ab00000)
  object space 763392K, 89% used [0x00000006c0000000,0x00000006e9ac2090,0x00000006ee980000)
 Metaspace       used 6478K, capacity 7344K, committed 7552K, reserved 1056768K
  class space    used 589K, capacity 616K, committed 640K, reserved 1048576K
}
Event: 60.631 GC heap before
{Heap before GC invocations=27 (full 6):
 PSYoungGen      total 858624K, used 67666K [0x000000076ab00000, 0x00000007b2280000, 0x00000007c0000000)
  eden space 685568K, 0% used [0x000000076ab00000,0x000000076ab00000,0x0000000794880000)
  from space 173056K, 39% used [0x0000000794880000,0x0000000798a94858,0x000000079f180000)
  to   space 162816K, 0% used [0x00000007a8380000,0x00000007a8380000,0x00000007b2280000)
 ParOldGen       total 763392K, used 682760K [0x00000006c0000000, 0x00000006ee980000, 0x000000076ab00000)
  object space 763392K, 89% used [0x00000006c0000000,0x00000006e9ac2090,0x00000006ee980000)
 Metaspace       used 6478K, capacity 7344K, committed 7552K, reserved 1056768K
  class space    used 589K, capacity 616K, committed 640K, reserved 1048576K
Event: 62.951 GC heap after
Heap after GC invocations=27 (full 6):
 PSYoungGen      total 858624K, used 0K [0x000000076ab00000, 0x00000007b2280000, 0x00000007c0000000)
  eden space 685568K, 0% used [0x000000076ab00000,0x000000076ab00000,0x0000000794880000)
  from space 173056K, 0% used [0x0000000794880000,0x0000000794880000,0x000000079f180000)
  to   space 162816K, 0% used [0x00000007a8380000,0x00000007a8380000,0x00000007b2280000)
 ParOldGen       total 959488K, used 709296K [0x00000006c0000000, 0x00000006fa900000, 0x000000076ab00000)
  object space 959488K, 73% used [0x00000006c0000000,0x00000006eb4ac058,0x00000006fa900000)
 Metaspace       used 6478K, capacity 7344K, committed 7552K, reserved 1056768K
  class space    used 589K, capacity 616K, committed 640K, reserved 1048576K
}
Event: 64.841 GC heap before
{Heap before GC invocations=28 (full 6):
 PSYoungGen      total 858624K, used 685568K [0x000000076ab00000, 0x00000007b2280000, 0x00000007c0000000)
  eden space 685568K, 100% used [0x000000076ab00000,0x0000000794880000,0x0000000794880000)
  from space 173056K, 0% used [0x0000000794880000,0x0000000794880000,0x000000079f180000)
  to   space 162816K, 0% used [0x00000007a8380000,0x00000007a8380000,0x00000007b2280000)
 ParOldGen       total 959488K, used 709296K [0x00000006c0000000, 0x00000006fa900000, 0x000000076ab00000)
  object space 959488K, 73% used [0x00000006c0000000,0x00000006eb4ac058,0x00000006fa900000)
 Metaspace       used 6478K, capacity 7344K, committed 7552K, reserved 1056768K
  class space    used 589K, capacity 616K, committed 640K, reserved 1048576K
Event: 65.467 GC heap after
Heap after GC invocations=28 (full 6):
 PSYoungGen      total 978432K, used 61458K [0x000000076ab00000, 0x00000007b0b80000, 0x00000007c0000000)
  eden space 839168K, 0% used [0x000000076ab00000,0x000000076ab00000,0x000000079de80000)
  from space 139264K, 44% used [0x00000007a8380000,0x00000007abf84ac0,0x00000007b0b80000)
  to   space 154112K, 0% used [0x000000079de80000,0x000000079de80000,0x00000007a7500000)
 ParOldGen       total 959488K, used 709296K [0x00000006c0000000, 0x00000006fa900000, 0x000000076ab00000)
  object space 959488K, 73% used [0x00000006c0000000,0x00000006eb4ac058,0x00000006fa900000)
 Metaspace       used 6478K, capacity 7344K, committed 7552K, reserved 1056768K
  class space    used 589K, capacity 616K, committed 640K, reserved 1048576K
}
Event: 68.841 GC heap before
{Heap before GC invocations=29 (full 6):
 PSYoungGen      total 978432K, used 900626K [0x000000076ab00000, 0x00000007b0b80000, 0x00000007c0000000)
  eden space 839168K, 100% used [0x000000076ab00000,0x000000079de80000,0x000000079de80000)
  from space 139264K, 44% used [0x00000007a8380000,0x00000007abf84ac0,0x00000007b0b80000)
  to   space 154112K, 0% used [0x000000079de80000,0x000000079de80000,0x00000007a7500000)
 ParOldGen       total 959488K, used 709296K [0x00000006c0000000, 0x00000006fa900000, 0x000000076ab00000)
  object space 959488K, 73% used [0x00000006c0000000,0x00000006eb4ac058,0x00000006fa900000)
 Metaspace       used 6584K, capacity 7408K, committed 7552K, reserved 1056768K
  class space    used 595K, capacity 616K, committed 640K, reserved 1048576K
Event: 69.803 GC heap after
Heap after GC invocations=29 (full 6):
 PSYoungGen      total 993280K, used 128767K [0x000000076ab00000, 0x00000007bdc00000, 0x00000007c0000000)
  eden space 839168K, 0% used [0x000000076ab00000,0x000000076ab00000,0x000000079de80000)
  from space 154112K, 83% used [0x000000079de80000,0x00000007a5c3fed8,0x00000007a7500000)
  to   space 168448K, 0% used [0x00000007b3780000,0x00000007b3780000,0x00000007bdc00000)
 ParOldGen       total 959488K, used 767888K [0x00000006c0000000, 0x00000006fa900000, 0x000000076ab00000)
  object space 959488K, 80% used [0x00000006c0000000,0x00000006eede4260,0x00000006fa900000)
 Metaspace       used 6584K, capacity 7408K, committed 7552K, reserved 1056768K
  class space    used 595K, capacity 616K, committed 640K, reserved 1048576K
}
Event: 74.461 GC heap before
{Heap before GC invocations=30 (full 6):
 PSYoungGen      total 993280K, used 967935K [0x000000076ab00000, 0x00000007bdc00000, 0x00000007c0000000)
  eden space 839168K, 100% used [0x000000076ab00000,0x000000079de80000,0x000000079de80000)
  from space 154112K, 83% used [0x000000079de80000,0x00000007a5c3fed8,0x00000007a7500000)
  to   space 168448K, 0% used [0x00000007b3780000,0x00000007b3780000,0x00000007bdc00000)
 ParOldGen       total 959488K, used 767888K [0x00000006c0000000, 0x00000006fa900000, 0x000000076ab00000)
  object space 959488K, 80% used [0x00000006c0000000,0x00000006eede4260,0x00000006fa900000)
 Metaspace       used 6856K, capacity 7632K, committed 7936K, reserved 1056768K
  class space    used 608K, capacity 648K, committed 768K, reserved 1048576K
Event: 77.748 GC heap after
Heap after GC invocations=30 (full 6):
 PSYoungGen      total 1171456K, used 153423K [0x000000076ab00000, 0x00000007c0000000, 0x00000007c0000000)
  eden space 1003008K, 0% used [0x000000076ab00000,0x000000076ab00000,0x00000007a7e80000)
  from space 168448K, 91% used [0x00000007b3780000,0x00000007bcd53f30,0x00000007bdc00000)
  to   space 189440K, 0% used [0x00000007a7e80000,0x00000007a7e80000,0x00000007b3780000)
 ParOldGen       total 959488K, used 892794K [0x00000006c0000000, 0x00000006fa900000, 0x000000076ab00000)
  object space 959488K, 93% used [0x00000006c0000000,0x00000006f67debd8,0x00000006fa900000)
 Metaspace       used 6856K, capacity 7632K, committed 7936K, reserved 1056768K
  class space    used 608K, capacity 648K, committed 768K, reserved 1048576K
}
Event: 77.748 GC heap before
{Heap before GC invocations=31 (full 7):
 PSYoungGen      total 1171456K, used 153423K [0x000000076ab00000, 0x00000007c0000000, 0x00000007c0000000)
  eden space 1003008K, 0% used [0x000000076ab00000,0x000000076ab00000,0x00000007a7e80000)
  from space 168448K, 91% used [0x00000007b3780000,0x00000007bcd53f30,0x00000007bdc00000)
  to   space 189440K, 0% used [0x00000007a7e80000,0x00000007a7e80000,0x00000007b3780000)
 ParOldGen       total 959488K, used 892794K [0x00000006c0000000, 0x00000006fa900000, 0x000000076ab00000)
  object space 959488K, 93% used [0x00000006c0000000,0x00000006f67debd8,0x00000006fa900000)
 Metaspace       used 6856K, capacity 7632K, committed 7936K, reserved 1056768K
  class space    used 608K, capacity 648K, committed 768K, reserved 1048576K

