# JRE version: OpenJDK Runtime Environment (8.0_112-b224) (build 1.8.0_112-release-b736)
# Java VM: OpenJDK 64-Bit Server VM (25.112-b736 mixed mode linux-amd64 compressed oops)
Heap:
 PSYoungGen      total 741376K, used 161715K [0x000000076ab00000, 0x00000007ab300000, 0x00000007c0000000)
  eden space 568320K, 0% used [0x000000076ab00000,0x000000076ab00000,0x000000078d600000)
  from space 173056K, 93% used [0x00000007a0a00000,0x00000007aa7ecd30,0x00000007ab300000)
  to   space 120832K, 0% used [0x000000078d600000,0x000000078d600000,0x0000000794c00000)
 ParOldGen       total 858112K, used 680923K [0x00000006c0000000, 0x00000006f4600000, 0x000000076ab00000)
  object space 858112K, 79% used [0x00000006c0000000,0x00000006e98f6c88,0x00000006f4600000)
 Metaspace       used 6471K, capacity 7344K, committed 7552K, reserved 1056768K
  class space    used 589K, capacity 616K, committed 640K, reserved 1048576K
GC Heap History (10 events):
Event: 80.725 GC heap after
Heap after GC invocations=22 (full 4):
 PSYoungGen      total 570880K, used 74573K [0x000000076ab00000, 0x000000079c000000, 0x00000007c0000000)
  eden space 457728K, 0% used [0x000000076ab00000,0x000000076ab00000,0x0000000786a00000)
  from space 113152K, 65% used [0x0000000786a00000,0x000000078b2d3488,0x000000078d880000)
  to   space 118784K, 0% used [0x0000000794c00000,0x0000000794c00000,0x000000079c000000)
 ParOldGen       total 465408K, used 452317K [0x00000006c0000000, 0x00000006dc680000, 0x000000076ab00000)
  object space 465408K, 97% used [0x00000006c0000000,0x00000006db9b7460,0x00000006dc680000)
 Metaspace       used 6459K, capacity 7344K, committed 7552K, reserved 1056768K
  class space    used 588K, capacity 616K, committed 640K, reserved 1048576K
}
Event: 80.928 GC heap before
{Heap before GC invocations=23 (full 5):
 PSYoungGen      total 570880K, used 74573K [0x000000076ab00000, 0x000000079c000000, 0x00000007c0000000)
  eden space 457728K, 0% used [0x000000076ab00000,0x000000076ab00000,0x0000000786a00000)
  from space 113152K, 65% used [0x0000000786a00000,0x000000078b2d3488,0x000000078d880000)
  to   space 118784K, 0% used [0x0000000794c00000,0x0000000794c00000,0x000000079c000000)
 ParOldGen       total 465408K, used 452317K [0x00000006c0000000, 0x00000006dc680000, 0x000000076ab00000)
  object space 465408K, 97% used [0x00000006c0000000,0x00000006db9b7460,0x00000006dc680000)
 Metaspace       used 6459K, capacity 7344K, committed 7552K, reserved 1056768K
  class space    used 588K, capacity 616K, committed 640K, reserved 1048576K
Event: 84.242 GC heap after
Heap after GC invocations=23 (full 5):
 PSYoungGen      total 570880K, used 53724K [0x000000076ab00000, 0x000000079c000000, 0x00000007c0000000)
  eden space 457728K, 0% used [0x000000076ab00000,0x000000076ab00000,0x0000000786a00000)
  from space 113152K, 47% used [0x0000000786a00000,0x0000000789e77230,0x000000078d880000)
  to   space 118784K, 0% used [0x0000000794c00000,0x0000000794c00000,0x000000079c000000)
 ParOldGen       total 641536K, used 465061K [0x00000006c0000000, 0x00000006e7280000, 0x000000076ab00000)
  object space 641536K, 72% used [0x00000006c0000000,0x00000006dc629738,0x00000006e7280000)
 Metaspace       used 6459K, capacity 7344K, committed 7552K, reserved 1056768K
  class space    used 588K, capacity 616K, committed 640K, reserved 1048576K
}
Event: 88.165 GC heap before
{Heap before GC invocations=24 (full 5):
 PSYoungGen      total 570880K, used 511452K [0x000000076ab00000, 0x000000079c000000, 0x00000007c0000000)
  eden space 457728K, 100% used [0x000000076ab00000,0x0000000786a00000,0x0000000786a00000)
  from space 113152K, 47% used [0x0000000786a00000,0x0000000789e77230,0x000000078d880000)
  to   space 118784K, 0% used [0x0000000794c00000,0x0000000794c00000,0x000000079c000000)
 ParOldGen       total 641536K, used 465061K [0x00000006c0000000, 0x00000006e7280000, 0x000000076ab00000)
  object space 641536K, 72% used [0x00000006c0000000,0x00000006dc629738,0x00000006e7280000)
 Metaspace       used 6459K, capacity 7344K, committed 7552K, reserved 1056768K
  class space    used 588K, capacity 616K, committed 640K, reserved 1048576K
Event: 107.944 GC heap after
Heap after GC invocations=24 (full 5):
 PSYoungGen      total 687104K, used 71367K [0x000000076ab00000, 0x000000079cb80000, 0x00000007c0000000)
  eden space 568320K, 0% used [0x000000076ab00000,0x000000076ab00000,0x000000078d600000)
  from space 118784K, 60% used [0x0000000794c00000,0x00000007991b1e78,0x000000079c000000)
  to   space 120832K, 0% used [0x000000078d600000,0x000000078d600000,0x0000000794c00000)
 ParOldGen       total 641536K, used 515665K [0x00000006c0000000, 0x00000006e7280000, 0x000000076ab00000)
  object space 641536K, 80% used [0x00000006c0000000,0x00000006df794660,0x00000006e7280000)
 Metaspace       used 6459K, capacity 7344K, committed 7552K, reserved 1056768K
  class space    used 588K, capacity 616K, committed 640K, reserved 1048576K
}
Event: 123.621 GC heap before
{Heap before GC invocations=25 (full 5):
 PSYoungGen      total 687104K, used 639687K [0x000000076ab00000, 0x000000079cb80000, 0x00000007c0000000)
  eden space 568320K, 100% used [0x000000076ab00000,0x000000078d600000,0x000000078d600000)
  from space 118784K, 60% used [0x0000000794c00000,0x00000007991b1e78,0x000000079c000000)
  to   space 120832K, 0% used [0x000000078d600000,0x000000078d600000,0x0000000794c00000)
 ParOldGen       total 641536K, used 515665K [0x00000006c0000000, 0x00000006e7280000, 0x000000076ab00000)
  object space 641536K, 80% used [0x00000006c0000000,0x00000006df794660,0x00000006e7280000)
 Metaspace       used 6467K, capacity 7344K, committed 7552K, reserved 1056768K
  class space    used 588K, capacity 616K, committed 640K, reserved 1048576K
Event: 143.183 GC heap after
Heap after GC invocations=25 (full 5):
 PSYoungGen      total 689152K, used 120823K [0x000000076ab00000, 0x00000007ab300000, 0x00000007c0000000)
  eden space 568320K, 0% used [0x000000076ab00000,0x000000076ab00000,0x000000078d600000)
  from space 120832K, 99% used [0x000000078d600000,0x0000000794bfdd50,0x0000000794c00000)
  to   space 173056K, 0% used [0x00000007a0a00000,0x00000007a0a00000,0x00000007ab300000)
 ParOldGen       total 641536K, used 601880K [0x00000006c0000000, 0x00000006e7280000, 0x000000076ab00000)
  object space 641536K, 93% used [0x00000006c0000000,0x00000006e4bc6200,0x00000006e7280000)
 Metaspace       used 6467K, capacity 7344K, committed 7552K, reserved 1056768K
  class space    used 588K, capacity 616K, committed 640K, reserved 1048576K
}
Event: 143.183 GC heap before
{Heap before GC invocations=26 (full 6):
 PSYoungGen      total 689152K, used 120823K [0x000000076ab00000, 0x00000007ab300000, 0x00000007c0000000)
  eden space 568320K, 0% used [0x000000076ab00000,0x000000076ab00000,0x000000078d600000)
  from space 120832K, 99% used [0x000000078d600000,0x0000000794bfdd50,0x0000000794c00000)
  to   space 173056K, 0% used [0x00000007a0a00000,0x00000007a0a00000,0x00000007ab300000)
 ParOldGen       total 641536K, used 601880K [0x00000006c0000000, 0x00000006e7280000, 0x000000076ab00000)
  object space 641536K, 93% used [0x00000006c0000000,0x00000006e4bc6200,0x00000006e7280000)
 Metaspace       used 6467K, capacity 7344K, committed 7552K, reserved 1056768K
  class space    used 588K, capacity 616K, committed 640K, reserved 1048576K
Event: 147.399 GC heap after
Heap after GC invocations=26 (full 6):
 PSYoungGen      total 689152K, used 75416K [0x000000076ab00000, 0x00000007ab300000, 0x00000007c0000000)
  eden space 568320K, 0% used [0x000000076ab00000,0x000000076ab00000,0x000000078d600000)
  from space 120832K, 62% used [0x000000078d600000,0x0000000791fa6180,0x0000000794c00000)
  to   space 173056K, 0% used [0x00000007a0a00000,0x00000007a0a00000,0x00000007ab300000)
 ParOldGen       total 858112K, used 641506K [0x00000006c0000000, 0x00000006f4600000, 0x000000076ab00000)
  object space 858112K, 74% used [0x00000006c0000000,0x00000006e7278bd8,0x00000006f4600000)
 Metaspace       used 6467K, capacity 7344K, committed 7552K, reserved 1056768K
  class space    used 588K, capacity 616K, committed 640K, reserved 1048576K
}
Event: 150.332 GC heap before
{Heap before GC invocations=27 (full 6):
 PSYoungGen      total 689152K, used 643736K [0x000000076ab00000, 0x00000007ab300000, 0x00000007c0000000)
  eden space 568320K, 100% used [0x000000076ab00000,0x000000078d600000,0x000000078d600000)
  from space 120832K, 62% used [0x000000078d600000,0x0000000791fa6180,0x0000000794c00000)
  to   space 173056K, 0% used [0x00000007a0a00000,0x00000007a0a00000,0x00000007ab300000)
 ParOldGen       total 858112K, used 641506K [0x00000006c0000000, 0x00000006f4600000, 0x000000076ab00000)
  object space 858112K, 74% used [0x00000006c0000000,0x00000006e7278bd8,0x00000006f4600000)
 Metaspace       used 6471K, capacity 7344K, committed 7552K, reserved 1056768K
  class space    used 589K, capacity 616K, committed 640K, reserved 1048576K

