# JRE version: OpenJDK Runtime Environment (8.0_112-b224) (build 1.8.0_112-release-b736)
# Java VM: OpenJDK 64-Bit Server VM (25.112-b736 mixed mode linux-amd64 compressed oops)
Heap:
 PSYoungGen      total 998912K, used 132862K [0x000000076ab00000, 0x00000007b1000000, 0x00000007c0000000)
  eden space 845824K, 0% used [0x000000076ab00000,0x000000076ab00000,0x000000079e500000)
  from space 153088K, 86% used [0x000000079e500000,0x00000007a66bf900,0x00000007a7a80000)
  to   space 142336K, 0% used [0x00000007a7e80000,0x00000007a7e80000,0x00000007b0980000)
 ParOldGen       total 612864K, used 577588K [0x00000006c0000000, 0x00000006e5680000, 0x000000076ab00000)
  object space 612864K, 94% used [0x00000006c0000000,0x00000006e340d2c0,0x00000006e5680000)
 Metaspace       used 6461K, capacity 7344K, committed 7552K, reserved 1056768K
  class space    used 589K, capacity 616K, committed 640K, reserved 1048576K
GC Heap History (10 events):
Event: 49.955 GC heap after
Heap after GC invocations=19 (full 3):
 PSYoungGen      total 754176K, used 74647K [0x000000076ab00000, 0x00000007a0e80000, 0x00000007c0000000)
  eden space 662016K, 0% used [0x000000076ab00000,0x000000076ab00000,0x0000000793180000)
  from space 92160K, 80% used [0x0000000799480000,0x000000079dd65d30,0x000000079ee80000)
  to   space 101376K, 0% used [0x0000000793180000,0x0000000793180000,0x0000000799480000)
 ParOldGen       total 313856K, used 303933K [0x00000006c0000000, 0x00000006d3280000, 0x000000076ab00000)
  object space 313856K, 96% used [0x00000006c0000000,0x00000006d28cf5d0,0x00000006d3280000)
 Metaspace       used 6447K, capacity 7344K, committed 7552K, reserved 1056768K
  class space    used 588K, capacity 616K, committed 640K, reserved 1048576K
}
Event: 49.955 GC heap before
{Heap before GC invocations=20 (full 4):
 PSYoungGen      total 754176K, used 74647K [0x000000076ab00000, 0x00000007a0e80000, 0x00000007c0000000)
  eden space 662016K, 0% used [0x000000076ab00000,0x000000076ab00000,0x0000000793180000)
  from space 92160K, 80% used [0x0000000799480000,0x000000079dd65d30,0x000000079ee80000)
  to   space 101376K, 0% used [0x0000000793180000,0x0000000793180000,0x0000000799480000)
 ParOldGen       total 313856K, used 303933K [0x00000006c0000000, 0x00000006d3280000, 0x000000076ab00000)
  object space 313856K, 96% used [0x00000006c0000000,0x00000006d28cf5d0,0x00000006d3280000)
 Metaspace       used 6447K, capacity 7344K, committed 7552K, reserved 1056768K
  class space    used 588K, capacity 616K, committed 640K, reserved 1048576K
Event: 52.317 GC heap after
Heap after GC invocations=20 (full 4):
 PSYoungGen      total 754176K, used 58366K [0x000000076ab00000, 0x00000007a0e80000, 0x00000007c0000000)
  eden space 662016K, 0% used [0x000000076ab00000,0x000000076ab00000,0x0000000793180000)
  from space 92160K, 63% used [0x0000000799480000,0x000000079cd7fae8,0x000000079ee80000)
  to   space 101376K, 0% used [0x0000000793180000,0x0000000793180000,0x0000000799480000)
 ParOldGen       total 452608K, used 313706K [0x00000006c0000000, 0x00000006dba00000, 0x000000076ab00000)
  object space 452608K, 69% used [0x00000006c0000000,0x00000006d325ab50,0x00000006dba00000)
 Metaspace       used 6447K, capacity 7344K, committed 7552K, reserved 1056768K
  class space    used 588K, capacity 616K, committed 640K, reserved 1048576K
}
Event: 55.070 GC heap before
{Heap before GC invocations=21 (full 4):
 PSYoungGen      total 754176K, used 720382K [0x000000076ab00000, 0x00000007a0e80000, 0x00000007c0000000)
  eden space 662016K, 100% used [0x000000076ab00000,0x0000000793180000,0x0000000793180000)
  from space 92160K, 63% used [0x0000000799480000,0x000000079cd7fae8,0x000000079ee80000)
  to   space 101376K, 0% used [0x0000000793180000,0x0000000793180000,0x0000000799480000)
 ParOldGen       total 452608K, used 313706K [0x00000006c0000000, 0x00000006dba00000, 0x000000076ab00000)
  object space 452608K, 69% used [0x00000006c0000000,0x00000006d325ab50,0x00000006dba00000)
 Metaspace       used 6448K, capacity 7344K, committed 7552K, reserved 1056768K
  class space    used 588K, capacity 616K, committed 640K, reserved 1048576K
Event: 58.600 GC heap after
Heap after GC invocations=21 (full 4):
 PSYoungGen      total 763392K, used 101349K [0x000000076ab00000, 0x00000007b0980000, 0x00000007c0000000)
  eden space 662016K, 0% used [0x000000076ab00000,0x000000076ab00000,0x0000000793180000)
  from space 101376K, 99% used [0x0000000793180000,0x00000007994794e8,0x0000000799480000)
  to   space 142336K, 0% used [0x00000007a7e80000,0x00000007a7e80000,0x00000007b0980000)
 ParOldGen       total 452608K, used 377831K [0x00000006c0000000, 0x00000006dba00000, 0x000000076ab00000)
  object space 452608K, 83% used [0x00000006c0000000,0x00000006d70f9f00,0x00000006dba00000)
 Metaspace       used 6448K, capacity 7344K, committed 7552K, reserved 1056768K
  class space    used 588K, capacity 616K, committed 640K, reserved 1048576K
}
Event: 58.600 GC heap before
{Heap before GC invocations=22 (full 5):
 PSYoungGen      total 763392K, used 101349K [0x000000076ab00000, 0x00000007b0980000, 0x00000007c0000000)
  eden space 662016K, 0% used [0x000000076ab00000,0x000000076ab00000,0x0000000793180000)
  from space 101376K, 99% used [0x0000000793180000,0x00000007994794e8,0x0000000799480000)
  to   space 142336K, 0% used [0x00000007a7e80000,0x00000007a7e80000,0x00000007b0980000)
 ParOldGen       total 452608K, used 377831K [0x00000006c0000000, 0x00000006dba00000, 0x000000076ab00000)
  object space 452608K, 83% used [0x00000006c0000000,0x00000006d70f9f00,0x00000006dba00000)
 Metaspace       used 6448K, capacity 7344K, committed 7552K, reserved 1056768K
  class space    used 588K, capacity 616K, committed 640K, reserved 1048576K
Event: 61.963 GC heap after
Heap after GC invocations=22 (full 5):
 PSYoungGen      total 763392K, used 25510K [0x000000076ab00000, 0x00000007b0980000, 0x00000007c0000000)
  eden space 662016K, 0% used [0x000000076ab00000,0x000000076ab00000,0x0000000793180000)
  from space 101376K, 25% used [0x0000000793180000,0x0000000794a69820,0x0000000799480000)
  to   space 142336K, 0% used [0x00000007a7e80000,0x00000007a7e80000,0x00000007b0980000)
 ParOldGen       total 612864K, used 452307K [0x00000006c0000000, 0x00000006e5680000, 0x000000076ab00000)
  object space 612864K, 73% used [0x00000006c0000000,0x00000006db9b4ff8,0x00000006e5680000)
 Metaspace       used 6448K, capacity 7344K, committed 7552K, reserved 1056768K
  class space    used 588K, capacity 616K, committed 640K, reserved 1048576K
}
Event: 67.066 GC heap before
{Heap before GC invocations=23 (full 5):
 PSYoungGen      total 763392K, used 687526K [0x000000076ab00000, 0x00000007b0980000, 0x00000007c0000000)
  eden space 662016K, 100% used [0x000000076ab00000,0x0000000793180000,0x0000000793180000)
  from space 101376K, 25% used [0x0000000793180000,0x0000000794a69820,0x0000000799480000)
  to   space 142336K, 0% used [0x00000007a7e80000,0x00000007a7e80000,0x00000007b0980000)
 ParOldGen       total 612864K, used 452307K [0x00000006c0000000, 0x00000006e5680000, 0x000000076ab00000)
  object space 612864K, 73% used [0x00000006c0000000,0x00000006db9b4ff8,0x00000006e5680000)
 Metaspace       used 6450K, capacity 7344K, committed 7552K, reserved 1056768K
  class space    used 588K, capacity 616K, committed 640K, reserved 1048576K
Event: 75.606 GC heap after
Heap after GC invocations=23 (full 5):
 PSYoungGen      total 988160K, used 103717K [0x000000076ab00000, 0x00000007b1000000, 0x00000007c0000000)
  eden space 845824K, 0% used [0x000000076ab00000,0x000000076ab00000,0x000000079e500000)
  from space 142336K, 72% used [0x00000007a7e80000,0x00000007ae3c96b8,0x00000007b0980000)
  to   space 153088K, 0% used [0x000000079e500000,0x000000079e500000,0x00000007a7a80000)
 ParOldGen       total 612864K, used 477746K [0x00000006c0000000, 0x00000006e5680000, 0x000000076ab00000)
  object space 612864K, 77% used [0x00000006c0000000,0x00000006dd28c890,0x00000006e5680000)
 Metaspace       used 6450K, capacity 7344K, committed 7552K, reserved 1056768K
  class space    used 588K, capacity 616K, committed 640K, reserved 1048576K
}
Event: 83.472 GC heap before
{Heap before GC invocations=24 (full 5):
 PSYoungGen      total 988160K, used 949541K [0x000000076ab00000, 0x00000007b1000000, 0x00000007c0000000)
  eden space 845824K, 100% used [0x000000076ab00000,0x000000079e500000,0x000000079e500000)
  from space 142336K, 72% used [0x00000007a7e80000,0x00000007ae3c96b8,0x00000007b0980000)
  to   space 153088K, 0% used [0x000000079e500000,0x000000079e500000,0x00000007a7a80000)
 ParOldGen       total 612864K, used 477746K [0x00000006c0000000, 0x00000006e5680000, 0x000000076ab00000)
  object space 612864K, 77% used [0x00000006c0000000,0x00000006dd28c890,0x00000006e5680000)
 Metaspace       used 6461K, capacity 7344K, committed 7552K, reserved 1056768K
  class space    used 589K, capacity 616K, committed 640K, reserved 1048576K

